<?xml version="1.0" encoding="utf-8"?><testsuites name="pytest tests"><testsuite name="pytest" errors="0" failures="0" skipped="0" tests="19" time="5.577" timestamp="2026-08-07T05:58:11.375632+00:00" hostname="agent-env-d5cdd378-30f2-4008-a050-3b16d1377d8d"><testcase classname="tests.test_auth_flow_full.TestOtpFlow" name="test_request_otp_invalid_email" time="0.205" /><testcase classname="tests.test_auth_flow_full.TestOtpFlow" name="test_verify_otp_wrong_code_increments_attempts" time="0.114" /><testcase classname="tests.test_auth_flow_full.TestOtpFlow" name="test_verify_otp_after_5_wrong_attempts_locks_429" time="0.098" /><testcase classname="tests.test_auth_flow_full.TestOtpFlow" name="test_verify_otp_expired_returns_400" time="0.140" /><testcase classname="tests.test_auth_flow_full.TestOtpFlow" name="test_verify_otp_correct_marks_verified" time="0.100" /><testcase classname="tests.test_auth_flow_full.TestSeedUserLogin" name="test_login_seed_user_success" time="0.329" /><testcase classname="tests.test_auth_flow_full.TestSeedUserLogin" name="test_login_wrong_password_seed_user" time="0.322" /><testcase classname="tests.test_auth_flow_full.TestSeedUserLogin" name="test_login_nonexistent_user_same_401" time="0.093" /><testcase classname="tests.test_auth_flow_full.TestAuthMe" name="test_get_me_without_cookie_401" time="0.091" /><testcase classname="tests.test_auth_flow_full.TestAuthMe" name="test_get_me_with_fake_cookie_401" time="0.092" /><testcase classname="tests.test_auth_flow_full.TestAuthMe" name="test_get_me_returns_user_and_no_password_hash" time="0.422" /><testcase classname="tests.test_auth_flow_full.TestAuthMe" name="test_patch_me_updates_name_and_language" time="0.484" /><testcase classname="tests.test_auth_flow_full.TestAuthMe" name="test_patch_me_without_cookie_401" time="0.097" /><testcase classname="tests.test_auth_flow_full.TestLogout" name="test_logout_deletes_session_and_subsequent_me_returns_401" time="0.617" /><testcase classname="tests.test_auth_flow_full.TestLogout" name="test_logout_all_devices_deletes_all_sessions" time="0.892" /><testcase classname="tests.test_auth_flow_full.TestForgotPasswordUserEnum" name="test_forgot_password_existing_returns_ok" time="0.354" /><testcase classname="tests.test_auth_flow_full.TestForgotPasswordUserEnum" name="test_forgot_password_nonexistent_returns_ok" time="0.098" /><testcase classname="tests.test_auth_flow_full.TestResetPasswordExtras" name="test_reset_password_short_password_400" time="0.408" /><testcase classname="tests.test_auth_flow_full.TestResetPasswordExtras" name="test_reset_password_after_5_wrong_attempts_locks_429" time="0.473" /></testsuite></testsuites>