<?xml version="1.0" encoding="utf-8"?><testsuites name="pytest tests"><testsuite name="pytest" errors="0" failures="0" skipped="0" tests="27" time="11.592" timestamp="2026-07-23T10:31:28.755665+00:00" hostname="agent-env-d5cdd378-30f2-4008-a050-3b16d1377d8d"><testcase classname="tests.test_iteration4_fixes.TestFix3ForgotPasswordUniformResponses" name="test_nonexistent_email_returns_ok" time="0.347" /><testcase classname="tests.test_iteration4_fixes.TestFix1AuthMeNoPasswordHash" name="test_auth_me_via_cookie_has_no_password_hash" time="0.679" /><testcase classname="tests.test_iteration4_fixes.TestFix3ForgotPasswordUniformResponses" name="test_real_email_returns_ok" time="0.678" /><testcase classname="tests.test_iteration4_fixes.TestFix1AuthMeNoPasswordHash" name="test_auth_me_via_bearer_has_no_password_hash" time="0.458" /><testcase classname="tests.test_iteration4_fixes.TestFix3ForgotPasswordUniformResponses" name="test_resend_delivery_failure_returns_ok" time="0.430" /><testcase classname="tests.test_iteration4_fixes.TestFix1AuthMeNoPasswordHash" name="test_register_response_has_no_password_hash" time="0.322" /><testcase classname="tests.test_iteration4_fixes.TestFix3ForgotPasswordUniformResponses" name="test_response_bodies_are_identical" time="1.012" /><testcase classname="tests.test_iteration4_fixes.TestFix1AuthMeNoPasswordHash" name="test_login_response_has_no_password_hash" time="0.851" /><testcase classname="tests.test_email_password_auth.TestRegister" name="test_register_without_verified_otp_returns_400" time="0.103" /><testcase classname="tests.test_email_password_auth.TestRegister" name="test_register_with_verified_otp_returns_200_and_cookie" time="0.426" /><testcase classname="tests.test_dashboard_greeting_auth.TestDataScoping" name="test_anonymous_recipes_include_morkuzhambu" time="0.360" /><testcase classname="tests.test_dashboard_greeting_auth.TestDataScoping" name="test_anonymous_families_include_rao_family" time="0.096" /><testcase classname="tests.test_email_password_auth.TestRegister" name="test_register_duplicate_returns_409" time="0.490" /><testcase classname="tests.test_dashboard_greeting_auth.TestDataScoping" name="test_seeded_user_sees_empty_recipes" time="0.260" /><testcase classname="tests.test_dashboard_greeting_auth.TestDataScoping" name="test_seeded_user_sees_empty_families" time="0.091" /><testcase classname="tests.test_email_password_auth.TestForgotReset" name="test_forgot_password_nonexistent_email_returns_ok" time="0.091" /><testcase classname="tests.test_email_password_auth.TestLogin" name="test_login_success" time="1.065" /><testcase classname="tests.test_email_password_auth.TestForgotReset" name="test_reset_password_flow" time="2.078" /><testcase classname="tests.test_email_password_auth.TestLogin" name="test_login_wrong_password_returns_401" time="1.050" /><testcase classname="tests.test_email_password_auth.TestLogin" name="test_login_brute_force_lockout_returns_429" time="2.507" /><testcase classname="tests.test_email_password_auth.TestForgotReset" name="test_reset_password_wrong_code_returns_400" time="0.872" /><testcase classname="tests.test_dashboard_greeting_auth.TestAuthMe" name="test_auth_me_401_without_cookie" time="0.088" /><testcase classname="tests.test_dashboard_greeting_auth.TestAuthMe" name="test_auth_me_returns_seeded_user_with_bearer" time="0.255" /><testcase classname="tests.test_dashboard_greeting_auth.TestAuthMe" name="test_auth_me_single_name" time="0.101" /><testcase classname="tests.test_email_password_auth.TestFirstRunEmptyScoping" name="test_new_user_has_empty_collections" time="1.184" /><testcase classname="tests.test_iteration4_fixes.TestFix2BruteForceLockoutAcrossIPs" name="test_lockout_with_rotating_x_forwarded_for" time="2.033" /><testcase classname="tests.test_iteration4_fixes.TestFix2BruteForceLockoutAcrossIPs" name="test_client_ip_reads_x_forwarded_for" time="0.650" /></testsuite></testsuites>