<?xml version="1.0" encoding="utf-8"?><testsuites name="pytest tests"><testsuite name="pytest" errors="0" failures="0" skipped="0" tests="6" time="2.564" timestamp="2026-07-24T05:02:02.709710+00:00" hostname="agent-env-d5cdd378-30f2-4008-a050-3b16d1377d8d"><testcase classname="tests.test_invite_email_flow.TestCreateInvite" name="test_create_invite_returns_email_failed_when_resend_rejects" time="0.634" /><testcase classname="tests.test_invite_email_flow.TestCreateInvite" name="test_no_402_on_second_invite" time="0.385" /><testcase classname="tests.test_invite_email_flow.TestCreateInvite" name="test_invalid_email_returns_400" time="0.041" /><testcase classname="tests.test_invite_email_flow.TestCreateInvite" name="test_duplicate_email_returns_409" time="0.240" /><testcase classname="tests.test_invite_email_flow.TestResendInvite" name="test_resend_endpoint_exists_and_updates_invite" time="0.868" /><testcase classname="tests.test_invite_email_flow.TestResendInvite" name="test_resend_nonexistent_invite_returns_404" time="0.339" /></testsuite></testsuites>