<?xml version="1.0" encoding="utf-8"?><testsuites name="pytest tests"><testsuite name="pytest" errors="0" failures="0" skipped="0" tests="10" time="6.624" timestamp="2026-07-23T10:31:14.661239+00:00" hostname="agent-env-d5cdd378-30f2-4008-a050-3b16d1377d8d"><testcase classname="tests.test_iteration4_fixes.TestFix1AuthMeNoPasswordHash" name="test_auth_me_via_cookie_has_no_password_hash" time="0.599" /><testcase classname="tests.test_iteration4_fixes.TestFix1AuthMeNoPasswordHash" name="test_auth_me_via_bearer_has_no_password_hash" time="0.430" /><testcase classname="tests.test_iteration4_fixes.TestFix1AuthMeNoPasswordHash" name="test_register_response_has_no_password_hash" time="0.325" /><testcase classname="tests.test_iteration4_fixes.TestFix1AuthMeNoPasswordHash" name="test_login_response_has_no_password_hash" time="0.645" /><testcase classname="tests.test_iteration4_fixes.TestFix2BruteForceLockoutAcrossIPs" name="test_lockout_with_rotating_x_forwarded_for" time="2.032" /><testcase classname="tests.test_iteration4_fixes.TestFix2BruteForceLockoutAcrossIPs" name="test_client_ip_reads_x_forwarded_for" time="0.645" /><testcase classname="tests.test_iteration4_fixes.TestFix3ForgotPasswordUniformResponses" name="test_nonexistent_email_returns_ok" time="0.101" /><testcase classname="tests.test_iteration4_fixes.TestFix3ForgotPasswordUniformResponses" name="test_real_email_returns_ok" time="0.644" /><testcase classname="tests.test_iteration4_fixes.TestFix3ForgotPasswordUniformResponses" name="test_resend_delivery_failure_returns_ok" time="0.249" /><testcase classname="tests.test_iteration4_fixes.TestFix3ForgotPasswordUniformResponses" name="test_response_bodies_are_identical" time="0.823" /></testsuite></testsuites>