<?xml version="1.0" encoding="utf-8"?><testsuites name="pytest tests"><testsuite name="pytest" errors="0" failures="1" skipped="0" tests="10" time="6.641" timestamp="2026-07-23T10:18:42.521725+00:00" hostname="agent-env-d5cdd378-30f2-4008-a050-3b16d1377d8d"><testcase classname="tests.test_email_password_auth.TestRegister" name="test_register_without_verified_otp_returns_400" time="0.282" /><testcase classname="tests.test_email_password_auth.TestLogin" name="test_login_success" time="1.059" /><testcase classname="tests.test_email_password_auth.TestRegister" name="test_register_with_verified_otp_returns_200_and_cookie" time="0.765" /><testcase classname="tests.test_email_password_auth.TestRegister" name="test_register_duplicate_returns_409" time="0.611" /><testcase classname="tests.test_email_password_auth.TestLogin" name="test_login_wrong_password_returns_401" time="0.915" /><testcase classname="tests.test_email_password_auth.TestForgotReset" name="test_forgot_password_nonexistent_email_returns_ok" time="0.313" /><testcase classname="tests.test_email_password_auth.TestForgotReset" name="test_reset_password_flow" time="2.367" /><testcase classname="tests.test_email_password_auth.TestLogin" name="test_login_brute_force_lockout_returns_429" time="3.187"><failure message="AssertionError: [401, 401, 401, 401, 401, 401]&#10;assert 401 == 429">backend/tests/test_email_password_auth.py:173: in test_login_brute_force_lockout_returns_429
    assert codes[5] == 429, codes
E   AssertionError: [401, 401, 401, 401, 401, 401]
E   assert 401 == 429</failure></testcase><testcase classname="tests.test_email_password_auth.TestForgotReset" name="test_reset_password_wrong_code_returns_400" time="0.822" /><testcase classname="tests.test_email_password_auth.TestFirstRunEmptyScoping" name="test_new_user_has_empty_collections" time="0.620" /></testsuite></testsuites>