<?xml version="1.0" encoding="utf-8"?><testsuites name="pytest tests"><testsuite name="pytest" errors="0" failures="0" skipped="0" tests="7" time="1.542" timestamp="2026-07-23T10:06:51.163434+00:00" hostname="agent-env-d5cdd378-30f2-4008-a050-3b16d1377d8d"><testcase classname="tests.test_dashboard_greeting_auth.TestAuthMe" name="test_auth_me_401_without_cookie" time="0.160" /><testcase classname="tests.test_dashboard_greeting_auth.TestDataScoping" name="test_anonymous_recipes_include_morkuzhambu" time="0.275" /><testcase classname="tests.test_dashboard_greeting_auth.TestAuthMe" name="test_auth_me_returns_seeded_user_with_bearer" time="0.115" /><testcase classname="tests.test_dashboard_greeting_auth.TestDataScoping" name="test_anonymous_families_include_rao_family" time="0.103" /><testcase classname="tests.test_dashboard_greeting_auth.TestAuthMe" name="test_auth_me_single_name" time="0.333" /><testcase classname="tests.test_dashboard_greeting_auth.TestDataScoping" name="test_seeded_user_sees_empty_recipes" time="0.103" /><testcase classname="tests.test_dashboard_greeting_auth.TestDataScoping" name="test_seeded_user_sees_empty_families" time="0.093" /></testsuite></testsuites>