<?xml version="1.0" encoding="utf-8"?><testsuites name="pytest tests"><testsuite name="pytest" errors="0" failures="0" skipped="1" tests="7" time="13.753" timestamp="2026-07-23T08:56:45.708292+00:00" hostname="agent-env-d5cdd378-30f2-4008-a050-3b16d1377d8d"><testcase classname="tests.backend_test" name="test_get_recipes_200" time="0.234" /><testcase classname="tests.backend_test" name="test_get_stories_200" time="0.045" /><testcase classname="tests.backend_test" name="test_get_families_200" time="0.040" /><testcase classname="tests.backend_test" name="test_existing_recipes_have_cover" time="0.043" /><testcase classname="tests.backend_test" name="test_smart_record_generates_realistic_cover" time="1.960"><skipped type="pytest.skip" message="smart-record returned 422: {&quot;detail&quot;:&quot;Could not understand the audio.&quot;}">/app/backend/tests/backend_test.py:106: smart-record returned 422: {"detail":"Could not understand the audio."}</skipped></testcase><testcase classname="tests.backend_test" name="test_recipe_like_toggle" time="0.281" /><testcase classname="tests.test_recipe_image_helper" name="test_generate_recipe_image_returns_realistic_jpeg" time="11.099" /></testsuite></testsuites>