<?xml version="1.0" encoding="utf-8"?><testsuites name="pytest tests"><testsuite name="pytest" errors="0" failures="0" skipped="0" tests="17" time="7.152" timestamp="2026-07-23T10:24:45.723496+00:00" hostname="agent-env-d5cdd378-30f2-4008-a050-3b16d1377d8d"><testcase classname="tests.test_dashboard_greeting_auth.TestDataScoping" name="test_anonymous_recipes_include_morkuzhambu" time="0.314" /><testcase classname="tests.test_email_password_auth.TestRegister" name="test_register_without_verified_otp_returns_400" time="0.274" /><testcase classname="tests.test_email_password_auth.TestRegister" name="test_register_with_verified_otp_returns_200_and_cookie" time="0.560" /><testcase classname="tests.test_dashboard_greeting_auth.TestDataScoping" name="test_anonymous_families_include_rao_family" time="0.105" /><testcase classname="tests.test_dashboard_greeting_auth.TestDataScoping" name="test_seeded_user_sees_empty_recipes" time="0.313" /><testcase classname="tests.test_dashboard_greeting_auth.TestDataScoping" name="test_seeded_user_sees_empty_families" time="0.142" /><testcase classname="tests.test_email_password_auth.TestRegister" name="test_register_duplicate_returns_409" time="0.415" /><testcase classname="tests.test_email_password_auth.TestForgotReset" name="test_forgot_password_nonexistent_email_returns_ok" time="0.275" /><testcase classname="tests.test_email_password_auth.TestForgotReset" name="test_reset_password_flow" time="2.144" /><testcase classname="tests.test_email_password_auth.TestLogin" name="test_login_success" time="0.989" /><testcase classname="tests.test_email_password_auth.TestLogin" name="test_login_wrong_password_returns_401" time="1.050" /><testcase classname="tests.test_email_password_auth.TestLogin" name="test_login_brute_force_lockout_returns_429" time="2.216" /><testcase classname="tests.test_email_password_auth.TestForgotReset" name="test_reset_password_wrong_code_returns_400" time="0.829" /><testcase classname="tests.test_dashboard_greeting_auth.TestAuthMe" name="test_auth_me_401_without_cookie" time="0.309" /><testcase classname="tests.test_dashboard_greeting_auth.TestAuthMe" name="test_auth_me_returns_seeded_user_with_bearer" time="0.312" /><testcase classname="tests.test_dashboard_greeting_auth.TestAuthMe" name="test_auth_me_single_name" time="0.087" /><testcase classname="tests.test_email_password_auth.TestFirstRunEmptyScoping" name="test_new_user_has_empty_collections" time="0.592" /></testsuite></testsuites>