<?xml version="1.0" encoding="utf-8"?><testsuites name="pytest tests"><testsuite name="pytest" errors="0" failures="0" skipped="0" tests="13" time="2.866" timestamp="2026-07-23T13:33:51.249432+00:00" hostname="agent-env-d5cdd378-30f2-4008-a050-3b16d1377d8d"><testcase classname="tests.test_settings.TestAuthMe" name="test_get_me_requires_session" time="0.114" /><testcase classname="tests.test_settings.TestAuthMe" name="test_get_me_returns_user" time="0.204" /><testcase classname="tests.test_settings.TestPatchMe" name="test_patch_requires_session" time="0.101" /><testcase classname="tests.test_settings.TestPatchMe" name="test_patch_empty_body_400" time="0.109" /><testcase classname="tests.test_settings.TestPatchMe" name="test_patch_empty_name_400" time="0.099" /><testcase classname="tests.test_settings.TestPatchMe" name="test_patch_whitespace_name_400" time="1.151" /><testcase classname="tests.test_settings.TestPatchMe" name="test_patch_name_success_and_persists" time="0.159" /><testcase classname="tests.test_settings.TestPatchMe" name="test_patch_language_success_and_persists" time="0.147" /><testcase classname="tests.test_settings.TestPatchMe" name="test_patch_notification_prefs" time="0.177" /><testcase classname="tests.test_settings.TestPatchMe" name="test_patch_picture_success" time="0.115" /><testcase classname="tests.test_settings.TestLogoutAll" name="test_logout_all_requires_session" time="0.099" /><testcase classname="tests.test_settings.TestLogoutAll" name="test_logout_all_deletes_all_sessions" time="0.233" /><testcase classname="tests.test_settings.TestLogout" name="test_logout_ok_without_session" time="0.102" /></testsuite></testsuites>