<?xml version="1.0" encoding="utf-8"?><testsuites name="pytest tests"><testsuite name="pytest" errors="0" failures="1" skipped="2" tests="9" time="0.990" timestamp="2026-07-30T04:47:45.107059+00:00" hostname="agent-env-d5cdd378-30f2-4008-a050-3b16d1377d8d"><testcase classname="tests.test_recipe_request_whatsapp.TestCreateRecipeRequest" name="test_dish_only_creates_request" time="0.232" /><testcase classname="tests.test_recipe_request_whatsapp.TestSubmitRecording" name="test_submit_audio_creates_recipe" time="0.399"><failure message="AssertionError: Internal Server Error&#10;assert 500 in (200, 422)&#10; +  where 500 = &lt;Response [500]&gt;.status_code">backend/tests/test_recipe_request_whatsapp.py:78: in test_submit_audio_creates_recipe
    assert r.status_code in (200, 422), r.text
E   AssertionError: Internal Server Error
E   assert 500 in (200, 422)
E    +  where 500 = &lt;Response [500]&gt;.status_code</failure></testcase><testcase classname="tests.test_recipe_request_whatsapp.TestCreateRecipeRequest" name="test_wa_link_has_no_phone" time="0.000" /><testcase classname="tests.test_recipe_request_whatsapp.TestCreateRecipeRequest" name="test_record_url_contains_token" time="0.000" /><testcase classname="tests.test_recipe_request_whatsapp.TestCreateRecipeRequest" name="test_message_contains_dish" time="0.000" /><testcase classname="tests.test_recipe_request_whatsapp.TestPublicMetadata" name="test_public_meta_no_auth" time="0.132" /><testcase classname="tests.test_recipe_request_whatsapp.TestPublicMetadata" name="test_public_meta_bad_token" time="0.116" /><testcase classname="tests.test_recipe_request_whatsapp.TestSubmitRecording" name="test_status_now_completed" time="0.000"><skipped type="pytest.skip" message="Recipe was not created (STT skip)">/app/backend/tests/test_recipe_request_whatsapp.py:89: Recipe was not created (STT skip)</skipped></testcase><testcase classname="tests.test_recipe_request_whatsapp.TestSubmitRecording" name="test_double_submit_returns_409" time="0.000"><skipped type="pytest.skip" message="Recipe was not created (STT skip)">/app/backend/tests/test_recipe_request_whatsapp.py:96: Recipe was not created (STT skip)</skipped></testcase></testsuite></testsuites>